Arguments: 
  /home/kauan/.nvm/versions/node/v15.10.0/bin/node /home/kauan/.nvm/versions/node/v15.10.0/bin/yarn init

PATH: 
  /home/kauan/.zinit/polaris/bin:/home/kauan/.nvm/versions/node/v15.10.0/bin:/usr/local/sbin:/usr/local/bin:/usr/sbin:/usr/bin:/sbin:/bin:/usr/games:/usr/local/games:/snap/bin

Yarn version: 
  1.22.10

Node version: 
  15.10.0

Platform: 
  linux x64

Trace: 
  Error: canceled
      at Interface.<anonymous> (/home/kauan/.nvm/versions/node/v15.10.0/lib/node_modules/yarn/lib/cli.js:136216:13)
      at Interface.emit (node:events:378:20)
      at Interface._ttyWrite (node:readline:973:16)
      at ReadStream.onkeypress (node:readline:259:10)
      at ReadStream.emit (node:events:378:20)
      at emitKeys (node:internal/readline/utils:358:14)
      at emitKeys.next (<anonymous>)
      at ReadStream.onData (node:readline:1242:36)
      at ReadStream.emit (node:events:378:20)
      at addChunk (node:internal/streams/readable:313:12)

npm manifest: 
  No manifest

yarn manifest: 
  No manifest

Lockfile: 
  No lockfile
